   Compiling proc-macro2 v1.0.103
   Compiling quote v1.0.41
   Compiling unicode-ident v1.0.20
   Compiling serde_core v1.0.228
    Checking cfg-if v1.0.4
   Compiling libc v0.2.177
   Compiling serde v1.0.228
    Checking memchr v2.7.6
    Checking once_cell v1.21.3
    Checking itoa v1.0.15
    Checking log v0.4.28
   Compiling find-msvc-tools v0.1.4
   Compiling zerocopy v0.8.27
   Compiling shlex v1.3.0
    Checking pin-project-lite v0.2.16
    Checking scopeguard v1.2.0
    Checking bytes v1.10.1
    Checking bitflags v2.10.0
    Checking lock_api v0.4.14
    Checking allocator-api2 v0.2.21
   Compiling parking_lot_core v0.9.12
   Compiling version_check v0.9.5
    Checking futures-core v0.3.31
    Checking equivalent v1.0.2
   Compiling anyhow v1.0.100
    Checking foldhash v0.2.0
    Checking futures-sink v0.3.31
    Checking slab v0.4.11
   Compiling syn v2.0.108
    Checking hashbrown v0.16.0
    Checking futures-channel v0.3.31
    Checking pin-utils v0.1.0
    Checking futures-io v0.3.31
    Checking futures-task v0.3.31
   Compiling jobserver v0.1.34
   Compiling getrandom v0.3.4
error: error writing dependencies to `/workspaces/eventmesh/target/debug/build/getrandom-c0dccf730e6ed2ea/build_script_build-c0dccf730e6ed2ea.d`: No such file or directory (os error 2)

error: could not compile `getrandom` (build script) due to 1 previous error
warning: build failed, waiting for other jobs to finish...
error: failed to write `/workspaces/eventmesh/target/debug/.fingerprint/futures-task-91809dc507eeda95/lib-futures_task`

Caused by:
  No such file or directory (os error 2)
error: failed to write /workspaces/eventmesh/target/debug/deps/libfutures_channel-2a04e0fd9d0ba338.rmeta: No such file or directory (os error 2)

error: could not compile `futures-channel` (lib) due to 1 previous error
error: extern location for libc does not exist: /workspaces/eventmesh/target/debug/deps/liblibc-c67a6c424ed2a05c.rmeta
 --> /home/codespace/.cargo/registry/src/index.crates.io-1949cf8c6b5b557f/jobserver-0.1.34/src/unix.rs:1:5
  |
1 | use libc::c_int;
  |     ^^^^

error: could not compile `jobserver` (lib) due to 1 previous error
error: error writing dependencies to `/workspaces/eventmesh/target/debug/deps/syn-e6a1f8515f729351.d`: No such file or directory (os error 2)

error: could not compile `syn` (lib) due to 1 previous error
error: couldn't create a temp dir: No such file or directory (os error 2) at path "/workspaces/eventmesh/target/debug/deps/rmetaTb2XId"

error: could not compile `libc` (lib) due to 1 previous error
error: couldn't create a temp dir: No such file or directory (os error 2) at path "/workspaces/eventmesh/target/debug/deps/rmetagYwknv"

error: could not compile `hashbrown` (lib) due to 1 previous error
error: couldn't create a temp dir: No such file or directory (os error 2) at path "/workspaces/eventmesh/target/debug/deps/rmetaxr1B89"

error: could not compile `serde_core` (lib) due to 1 previous error
