FINAL CONSOLIDATION VALIDATION - TEST RESULTS
=============================================

Execution Date: 2025-10-21 10:53 UTC
Task ID: task-1761043662291-yq76eafok
Validation Agent: tester

═══════════════════════════════════════════════════════════

COMPILATION RESULTS
-------------------

Status: ❌ FAILED
Build Command: cargo build --workspace
Exit Code: 101
Build Duration: ~180 seconds
Build Log: /tmp/build-final.log

Errors: 20 total
  - riptide-headless: 3 errors
  - riptide-api: 17 errors

Warnings: 144 total
  - riptide-cli: 139 warnings
  - riptide-api: 2 warnings
  - riptide-browser: 2 warnings
  - riptide-facade: 1 warning

═══════════════════════════════════════════════════════════

CRITICAL ERRORS
---------------

1. MISSING MODULE: riptide-browser::dynamic
   Impact: Blocks riptide-api compilation
   Errors: 9
   Files Affected:
     - handlers/render/extraction.rs
     - handlers/render/processors.rs
     - handlers/render/strategies.rs
     - handlers/render/models.rs
     - rpc_client.rs

2. MISSING MODULE: riptide-headless::launcher
   Impact: Blocks binary compilation
   Errors: 1
   Files Affected:
     - main.rs

3. MISSING MODULE: riptide-headless::pool
   Impact: Blocks binary compilation
   Errors: 1
   Files Affected:
     - main.rs

4. TYPE ERRORS: handlers/render/handlers.rs
   Impact: Prevents riptide-api compilation
   Errors: 8 (Sized trait + type mismatch)
   Root Cause: str vs String type confusion

═══════════════════════════════════════════════════════════

TEST EXECUTION SUMMARY
----------------------

Unit Tests: ❌ NOT RUN
  - riptide-browser --lib: BLOCKED
  - riptide-api --lib: BLOCKED  
  - riptide-cli --lib: BLOCKED
  - riptide-core --lib: BLOCKED
  - riptide-engine --lib: BLOCKED

Integration Tests: ❌ NOT RUN
  - browser_pool_scaling_tests: BLOCKED
  - cdp_pool_tests: BLOCKED
  - memory_pressure_tests: BLOCKED
  - browser_pool_manager_tests: BLOCKED
  - integration_tests: BLOCKED
  - phase4_performance_tests: BLOCKED

Total Tests Planned: 10+ suites
Total Tests Run: 0
Total Tests Passed: 0
Total Tests Failed: 0
Total Tests Blocked: 10+

Coverage: N/A (compilation required)

═══════════════════════════════════════════════════════════

RESOURCE METRICS
----------------

Disk Space:
  Total: 63G
  Used: 43G (71%)
  Available: 18G
  Status: ✅ HEALTHY

Target Directory:
  Size: 16G
  Growth: +1G since start
  Status: ✅ WITHIN LIMITS

Memory: N/A (build failed)
CPU: N/A (build failed)

═══════════════════════════════════════════════════════════

QUALITY GATES
-------------

Gate 1: Compilation ❌ FAILED
  Requirement: 0 errors
  Actual: 20 errors
  Result: FAIL

Gate 2: Tests ❌ BLOCKED
  Requirement: >90% passing
  Actual: N/A (not run)
  Result: BLOCKED

Gate 3: Disk Usage ✅ PASSED
  Requirement: <80%
  Actual: 71%
  Result: PASS

Gate 4: Warnings ⚠️ REVIEW
  Requirement: <50 warnings
  Actual: 144 warnings
  Result: REVIEW REQUIRED

═══════════════════════════════════════════════════════════

RECOMMENDATIONS
---------------

IMMEDIATE (P0 - Blocking):
  1. Create riptide-browser::dynamic module with required types
  2. Create riptide-headless::launcher module
  3. Fix riptide-headless::pool module structure
  4. Fix type mismatches in riptide-api handlers

SHORT-TERM (P1 - High):
  5. Re-run workspace compilation
  6. Execute unit test suite
  7. Execute integration test suite
  8. Generate coverage reports

MEDIUM-TERM (P2 - Cleanup):
  9. Address 144 compiler warnings
  10. Remove dead code (120+ instances)
  11. Fix unused imports (10+ instances)
  12. Code hygiene pass with clippy

═══════════════════════════════════════════════════════════

COORDINATION STATUS
-------------------

Hooks Executed:
  ✅ pre-task: final-validation
  ✅ post-edit: validation report
  ✅ notify: swarm notification
  ✅ post-task: task completion

Memory Keys Updated:
  - swarm/tester/status
  - swarm/tester/disk-usage
  - swarm/tester/compilation-status
  - swarm/tester/test-status
  - swarm/tester/final-validation-report

Swarm Database: /workspaces/eventmesh/.swarm/memory.db

═══════════════════════════════════════════════════════════

DELIVERABLES
------------

1. ✅ Validation Report (detailed)
   Location: /workspaces/eventmesh/docs/validation/FINAL-CONSOLIDATION-VALIDATION.md
   Size: ~20KB
   Sections: 15

2. ✅ Compilation Summary (concise)
   Location: /workspaces/eventmesh/docs/validation/compilation-summary.txt
   Size: ~2KB

3. ✅ Test Results (this file)
   Location: /workspaces/eventmesh/docs/validation/test-results.txt
   Size: ~4KB

4. ✅ Build Log (raw output)
   Location: /tmp/build-final.log
   Size: ~50KB

═══════════════════════════════════════════════════════════

OVERALL STATUS
--------------

Validation Result: ❌ FAILED
Blocking Issues: 2 major (missing modules)
Tests Run: 0 / 10+ planned
Disk Health: ✅ GOOD
Next Step: Fix compilation errors

Task Duration: 327 seconds (~5.5 minutes)
Task Status: COMPLETE
Coordination: SUCCESSFUL

═══════════════════════════════════════════════════════════

Generated: 2025-10-21 10:53 UTC
Report Version: 1.0
Validator: tester
Task ID: task-1761043662291-yq76eafok

END OF REPORT
═══════════════════════════════════════════════════════════
